<?xml version="1.0" encoding="UTF-8"?>
<testng-results skipped="0" failed="0" total="1" passed="1">
  <reporter-output>
  </reporter-output>
  <suite name="Default suite" duration-ms="201" started-at="2021-11-11T07:39:21Z" finished-at="2021-11-11T07:39:21Z">
    <groups>
    </groups>
    <test name="Default test" duration-ms="201" started-at="2021-11-11T07:39:21Z" finished-at="2021-11-11T07:39:21Z">
      <class name="com.crm.Practise.PracitseGitHub$Practise1Test">
        <test-method status="PASS" signature="Clea2n()[pri:0, instance:com.crm.Practise.PracitseGitHub$Practise1Test@457e2f02]" name="Clea2n" duration-ms="53" started-at="2021-11-11T13:09:21Z" finished-at="2021-11-11T13:09:21Z">
          <reporter-output>
          </reporter-output>
        </test-method> <!-- Clea2n -->
      </class> <!-- com.crm.Practise.PracitseGitHub$Practise1Test -->
    </test> <!-- Default test -->
  </suite> <!-- Default suite -->
</testng-results>
